<?xml version="1.0" encoding="UTF-8"?>
<testsuite name="com.framebynavin.app.data.CreatorContentWorkspaceTest" tests="8" skipped="0" failures="0" errors="0" timestamp="2026-09-12T03:25:34" hostname="runnervmlun5p" time="0.004">
  <properties/>
  <testcase name="legacyDefaultWorkspaceStartsEmpty" classname="com.framebynavin.app.data.CreatorContentWorkspaceTest" time="0.0"/>
  <testcase name="derivativeKeepsParentPublicationUntouched" classname="com.framebynavin.app.data.CreatorContentWorkspaceTest" time="0.0"/>
  <testcase name="productionProgressIgnoresSkippedSteps" classname="com.framebynavin.app.data.CreatorContentWorkspaceTest" time="0.001"/>
  <testcase name="learningsAloneMakeWorkspaceNonEmpty" classname="com.framebynavin.app.data.CreatorContentWorkspaceTest" time="0.0"/>
  <testcase name="checklistStateDoesNotCompleteProjectOrDeliverable" classname="com.framebynavin.app.data.CreatorContentWorkspaceTest" time="0.0"/>
  <testcase name="assetStoresReferenceOnlyAndMakesWorkspaceNonEmpty" classname="com.framebynavin.app.data.CreatorContentWorkspaceTest" time="0.001"/>
  <testcase name="deliverablesRemainIndependent" classname="com.framebynavin.app.data.CreatorContentWorkspaceTest" time="0.0"/>
  <testcase name="contentTemplateMergePreservesExistingWorkAndAvoidsDuplicates" classname="com.framebynavin.app.data.CreatorContentWorkspaceTest" time="0.002"/>
  <system-out><![CDATA[]]></system-out>
  <system-err><![CDATA[]]></system-err>
</testsuite>
