<?xml version="1.0" encoding="UTF-8"?>
<testsuite name="com.framebynavin.app.data.CreatorContentDnaTest" tests="4" skipped="0" failures="0" errors="0" timestamp="2026-09-11T17:46:07" hostname="runnervmlun5p" time="0.008">
  <properties/>
  <testcase name="legacyCinematicMomentResolvesWithoutRewritingProjectMeaning" classname="com.framebynavin.app.data.CreatorContentDnaTest" time="0.006"/>
  <testcase name="semanticContentTypeIsNotMistakenForPlatformFormat" classname="com.framebynavin.app.data.CreatorContentDnaTest" time="0.001"/>
  <testcase name="incompleteLegacyProjectRemainsIncompleteInsteadOfInventingMeaning" classname="com.framebynavin.app.data.CreatorContentDnaTest" time="0.0"/>
  <testcase name="newProjectUsesRegistryDefaultsAndCanonicalAliases" classname="com.framebynavin.app.data.CreatorContentDnaTest" time="0.001"/>
  <system-out><![CDATA[]]></system-out>
  <system-err><![CDATA[]]></system-err>
</testsuite>
