<?xml version="1.0" encoding="UTF-8"?>
<testsuite name="com.framebynavin.app.data.CreatorContentBlueprintV97Test" tests="5" skipped="0" failures="0" errors="0" timestamp="2026-09-12T03:25:34" hostname="runnervmlun5p" time="0.011">
  <properties/>
  <testcase name="tutorialScreenRecordingAddsTeachingAndPrivacyChecks" classname="com.framebynavin.app.data.CreatorContentBlueprintV97Test" time="0.01"/>
  <testcase name="reportBlueprintSeparatesVerificationFromUnknowns" classname="com.framebynavin.app.data.CreatorContentBlueprintV97Test" time="0.001"/>
  <testcase name="gamingReviewAddsReviewLogicAndGameplayCaptureChecks" classname="com.framebynavin.app.data.CreatorContentBlueprintV97Test" time="0.0"/>
  <testcase name="sameDnaAlwaysProducesSameBlueprint" classname="com.framebynavin.app.data.CreatorContentBlueprintV97Test" time="0.0"/>
  <testcase name="analysisVoiceoverBuildsResearchAndNarrationGuidance" classname="com.framebynavin.app.data.CreatorContentBlueprintV97Test" time="0.0"/>
  <system-out><![CDATA[]]></system-out>
  <system-err><![CDATA[]]></system-err>
</testsuite>
