<?xml version="1.0" encoding="UTF-8"?>
<testsuite name="com.framebynavin.app.youtube.YouTubeInsightsFoundationV2Test" tests="3" skipped="0" failures="0" errors="0" timestamp="2026-09-11T17:46:08" hostname="runnervmlun5p" time="0.008">
  <properties/>
  <testcase name="metricContractFlagsWindowCrossingAugust2026ViewBoundary" classname="com.framebynavin.app.youtube.YouTubeInsightsFoundationV2Test" time="0.003"/>
  <testcase name="readyDatasetCountDoesNotTreatEmptyOrPendingAsReady" classname="com.framebynavin.app.youtube.YouTubeInsightsFoundationV2Test" time="0.004"/>
  <testcase name="breakdownShareIsDeterministicAndClamped" classname="com.framebynavin.app.youtube.YouTubeInsightsFoundationV2Test" time="0.0"/>
  <system-out><![CDATA[]]></system-out>
  <system-err><![CDATA[]]></system-err>
</testsuite>
