<?xml version="1.0" encoding="UTF-8"?>
<testsuite name="com.framebynavin.app.youtube.YouTubeInsightEngineV172Test" tests="3" skipped="0" failures="0" errors="0" timestamp="2026-09-11T17:46:08" hostname="runnervmlun5p" time="0.013">
  <properties/>
  <testcase name="periodDeltasUseRealPreviousWindow" classname="com.framebynavin.app.youtube.YouTubeInsightEngineV172Test" time="0.006"/>
  <testcase name="formatPerformanceNormalizesPerUpload" classname="com.framebynavin.app.youtube.YouTubeInsightEngineV172Test" time="0.002"/>
  <testcase name="topSignalIdentifiesClearPerformanceDriver" classname="com.framebynavin.app.youtube.YouTubeInsightEngineV172Test" time="0.002"/>
  <system-out><![CDATA[]]></system-out>
  <system-err><![CDATA[]]></system-err>
</testsuite>
