<?xml version="1.0" encoding="UTF-8"?>
<testsuite name="com.framebynavin.app.youtube.YouTubeReachReportingTest" tests="2" skipped="0" failures="0" errors="0" timestamp="2026-09-11T17:46:08" hostname="runnervmlun5p" time="0.001">
  <properties/>
  <testcase name="csvParserHandlesQuotedCommasAndEscapedQuotes" classname="com.framebynavin.app.youtube.YouTubeReachReportingTest" time="0.001"/>
  <testcase name="reachReportTypeIsPinnedToOfficialChannelBasicReachDataset" classname="com.framebynavin.app.youtube.YouTubeReachReportingTest" time="0.0"/>
  <system-out><![CDATA[]]></system-out>
  <system-err><![CDATA[]]></system-err>
</testsuite>
