<?xml version="1.0" encoding="UTF-8"?>
<testsuite name="com.framebynavin.app.data.CreatorContextV15Test" tests="3" skipped="0" failures="0" errors="0" timestamp="2026-09-12T03:25:34" hostname="runnervmlun5p" time="0.017">
  <properties/>
  <testcase name="contextNudgeFlagsLowProgressProjectDueSoon" classname="com.framebynavin.app.data.CreatorContextV15Test" time="0.01"/>
  <testcase name="contentCalendarCombinesProjectsAndFutureWeeklySlots" classname="com.framebynavin.app.data.CreatorContextV15Test" time="0.003"/>
  <testcase name="dailyBriefUsesSmartPriorityForFocus" classname="com.framebynavin.app.data.CreatorContextV15Test" time="0.004"/>
  <system-out><![CDATA[]]></system-out>
  <system-err><![CDATA[]]></system-err>
</testsuite>
