<?xml version="1.0" encoding="UTF-8"?>
<testsuite name="com.framebynavin.app.ui.V18CreatorJourneyAlpha12Test" tests="4" skipped="0" failures="0" errors="0" timestamp="2026-09-12T03:25:35" hostname="runnervmlun5p" time="0.004">
  <properties/>
  <testcase name="genericCreatorsDoNotReceiveFilmSpecificTaxonomy" classname="com.framebynavin.app.ui.V18CreatorJourneyAlpha12Test" time="0.0"/>
  <testcase name="createdProjectContinuesIntoCreate" classname="com.framebynavin.app.ui.V18CreatorJourneyAlpha12Test" time="0.001"/>
  <testcase name="captureContinuesIntoIdeas" classname="com.framebynavin.app.ui.V18CreatorJourneyAlpha12Test" time="0.0"/>
  <testcase name="finishingProjectStaysInCreate" classname="com.framebynavin.app.ui.V18CreatorJourneyAlpha12Test" time="0.0"/>
  <system-out><![CDATA[]]></system-out>
  <system-err><![CDATA[]]></system-err>
</testsuite>
