<?xml version="1.0" encoding="UTF-8"?>
<testsuite name="com.framebynavin.app.ui.V18CreatorLoopAlpha13Test" tests="3" skipped="0" failures="0" errors="0" timestamp="2026-09-11T17:46:08" hostname="runnervmlun5p" time="0.003">
  <properties/>
  <testcase name="publishedProjectWithoutIdeasEncouragesCapture" classname="com.framebynavin.app.ui.V18CreatorLoopAlpha13Test" time="0.003"/>
  <testcase name="insightsReviewCanContinueIntoNextProject" classname="com.framebynavin.app.ui.V18CreatorLoopAlpha13Test" time="0.0"/>
  <testcase name="publishedProjectWithIdeasContinuesToInsights" classname="com.framebynavin.app.ui.V18CreatorLoopAlpha13Test" time="0.0"/>
  <system-out><![CDATA[]]></system-out>
  <system-err><![CDATA[]]></system-err>
</testsuite>
