<?xml version="1.0" encoding="UTF-8"?>
<testsuite name="com.framebynavin.app.data.CreatorPlatformRegistryV2Test" tests="5" skipped="0" failures="0" errors="0" timestamp="2026-09-12T03:25:34" hostname="runnervmlun5p" time="0.004">
  <properties/>
  <testcase name="customPlatformFormatsStayPermissiveForBackwardCompatibility" classname="com.framebynavin.app.data.CreatorPlatformRegistryV2Test" time="0.0"/>
  <testcase name="cinematicMomentIsLegacyCompatibleButNotANewYouTubeFormat" classname="com.framebynavin.app.data.CreatorPlatformRegistryV2Test" time="0.0"/>
  <testcase name="knownHistoricalYouTubeDeliverableFormatsRemainAccepted" classname="com.framebynavin.app.data.CreatorPlatformRegistryV2Test" time="0.0"/>
  <testcase name="platformAliasesCanonicalizeButCustomPlatformsSurvive" classname="com.framebynavin.app.data.CreatorPlatformRegistryV2Test" time="0.0"/>
  <testcase name="platformCapabilitiesDoNotEncodeCreatorNiche" classname="com.framebynavin.app.data.CreatorPlatformRegistryV2Test" time="0.0"/>
  <system-out><![CDATA[]]></system-out>
  <system-err><![CDATA[]]></system-err>
</testsuite>
