<?xml version="1.0" encoding="UTF-8"?>
<testsuite name="com.framebynavin.app.reminders.SmartTargetBoundaryRc3Test" tests="4" skipped="0" failures="0" errors="0" timestamp="2026-09-11T17:46:08" hostname="runnervmlun5p" time="0.003">
  <properties/>
  <testcase name="candidateBeforeTargetPreservesPreferredStageAndTime" classname="com.framebynavin.app.reminders.SmartTargetBoundaryRc3Test" time="0.0"/>
  <testcase name="candidateAfterTargetCompressesCriticalToCriticalAtTarget" classname="com.framebynavin.app.reminders.SmartTargetBoundaryRc3Test" time="0.003"/>
  <testcase name="candidateAfterTargetCompressesImportantToAlarmAtTarget" classname="com.framebynavin.app.reminders.SmartTargetBoundaryRc3Test" time="0.0"/>
  <testcase name="invalidTargetFailsClosed" classname="com.framebynavin.app.reminders.SmartTargetBoundaryRc3Test" time="0.0"/>
  <system-out><![CDATA[]]></system-out>
  <system-err><![CDATA[]]></system-err>
</testsuite>
