<?xml version="1.0" encoding="UTF-8"?>
<testsuite name="com.framebynavin.app.data.ContentArchetypeRegistryTest" tests="4" skipped="0" failures="0" errors="0" timestamp="2026-09-11T17:46:06" hostname="runnervmlun5p" time="0.037">
  <properties/>
  <testcase name="everyCreatorModeSuggestionUsesACanonicalArchetype" classname="com.framebynavin.app.data.ContentArchetypeRegistryTest" time="0.03"/>
  <testcase name="sameCanonicalReviewGetsModeSpecificLanguage" classname="com.framebynavin.app.data.ContentArchetypeRegistryTest" time="0.002"/>
  <testcase name="filmAndGamingSuggestionsRemainDistinctButShareCanonicalIds" classname="com.framebynavin.app.data.ContentArchetypeRegistryTest" time="0.001"/>
  <testcase name="platformFormatsAreNotPretendedToBeArchetypes" classname="com.framebynavin.app.data.ContentArchetypeRegistryTest" time="0.001"/>
  <system-out><![CDATA[]]></system-out>
  <system-err><![CDATA[]]></system-err>
</testsuite>
