<?xml version="1.0" encoding="UTF-8"?>
<testsuite name="com.framebynavin.app.cloud.CloudAccountGateTest" tests="5" skipped="0" failures="0" errors="0" timestamp="2026-09-12T03:25:33" hostname="runnervmlun5p" time="0.149">
  <properties/>
  <testcase name="currentOperationReturnsItsCapturedGeneration" classname="com.framebynavin.app.cloud.CloudAccountGateTest" time="0.088"/>
  <testcase name="staleRefreshAndInvalidatedLoginAreRejected" classname="com.framebynavin.app.cloud.CloudAccountGateTest" time="0.004"/>
  <testcase name="accountTransitionsSerializeAndInvalidateQueuedWork" classname="com.framebynavin.app.cloud.CloudAccountGateTest" time="0.036"/>
  <testcase name="supersededTransitionCannotAdoptTheNewerGeneration" classname="com.framebynavin.app.cloud.CloudAccountGateTest" time="0.007"/>
  <testcase name="queuedReadCannotCrossAccountSwitch" classname="com.framebynavin.app.cloud.CloudAccountGateTest" time="0.01"/>
  <system-out><![CDATA[]]></system-out>
  <system-err><![CDATA[]]></system-err>
</testsuite>
