<?xml version="1.0" encoding="UTF-8"?>
<testsuite name="com.framebynavin.app.data.ProjectExperienceAlpha20Test" tests="2" skipped="0" failures="0" errors="0" timestamp="2026-09-12T03:25:35" hostname="runnervmlun5p" time="0.005">
  <properties/>
  <testcase name="correctFinalPulseCompletion_clearsManagedFlag" classname="com.framebynavin.app.data.ProjectExperienceAlpha20Test" time="0.004"/>
  <testcase name="repairFalseSurfaceCompletion_restoresPulseManagedStage" classname="com.framebynavin.app.data.ProjectExperienceAlpha20Test" time="0.001"/>
  <system-out><![CDATA[]]></system-out>
  <system-err><![CDATA[]]></system-err>
</testsuite>
