<?xml version="1.0" encoding="UTF-8"?>
<testsuite name="com.framebynavin.app.data.ContentArchetypeRegistryTest" tests="4" skipped="0" failures="0" errors="0" timestamp="2026-09-15T08:21:28" hostname="runnervmlun5p" time="0.016">
  <properties/>
  <testcase name="everyCreatorModeSuggestionUsesACanonicalArchetype" classname="com.framebynavin.app.data.ContentArchetypeRegistryTest" time="0.015"/>
  <testcase name="sameCanonicalReviewGetsModeSpecificLanguage" classname="com.framebynavin.app.data.ContentArchetypeRegistryTest" time="0.0"/>
  <testcase name="filmAndGamingSuggestionsRemainDistinctButShareCanonicalIds" classname="com.framebynavin.app.data.ContentArchetypeRegistryTest" time="0.0"/>
  <testcase name="platformFormatsAreNotPretendedToBeArchetypes" classname="com.framebynavin.app.data.ContentArchetypeRegistryTest" time="0.0"/>
  <system-out><![CDATA[]]></system-out>
  <system-err><![CDATA[]]></system-err>
</testsuite>
