<?xml version="1.0" encoding="UTF-8"?>
<testsuite name="com.framebynavin.app.reminders.ReminderReliabilityAlpha18Test" tests="5" skipped="0" failures="0" errors="0" timestamp="2026-09-11T17:46:08" hostname="runnervmlun5p" time="0.003">
  <properties/>
  <testcase name="regularDelivery_rejectsSmartPendingIntentPath" classname="com.framebynavin.app.reminders.ReminderReliabilityAlpha18Test" time="0.0"/>
  <testcase name="smartResume_neverBreaksQuietWindowOrFinalTarget" classname="com.framebynavin.app.reminders.ReminderReliabilityAlpha18Test" time="0.0"/>
  <testcase name="smartDelivery_rejectsStaleTargetAndImpossibleStage" classname="com.framebynavin.app.reminders.ReminderReliabilityAlpha18Test" time="0.002"/>
  <testcase name="smartDelivery_defersDuringWorkingQuietWindow" classname="com.framebynavin.app.reminders.ReminderReliabilityAlpha18Test" time="0.0"/>
  <testcase name="regularDelivery_requiresCurrentActiveReminderSnapshot" classname="com.framebynavin.app.reminders.ReminderReliabilityAlpha18Test" time="0.0"/>
  <system-out><![CDATA[]]></system-out>
  <system-err><![CDATA[]]></system-err>
</testsuite>
