<?xml version="1.0" encoding="UTF-8"?>
<testsuite name="com.framebynavin.app.data.CreatorPriorityEngineTest" tests="3" skipped="0" failures="0" errors="0" timestamp="2026-09-15T08:21:29" hostname="runnervmlun5p" time="0.0">
  <properties/>
  <testcase name="criticalDueSoonBeatsNormalDueSoon" classname="com.framebynavin.app.data.CreatorPriorityEngineTest" time="0.0"/>
  <testcase name="overdueProjectOutranksComfortablyScheduledWork" classname="com.framebynavin.app.data.CreatorPriorityEngineTest" time="0.0"/>
  <testcase name="completedAndArchivedProjectsAreExcluded" classname="com.framebynavin.app.data.CreatorPriorityEngineTest" time="0.0"/>
  <system-out><![CDATA[]]></system-out>
  <system-err><![CDATA[]]></system-err>
</testsuite>
