<?xml version="1.0" encoding="UTF-8"?>
<testsuite name="com.framebynavin.app.data.CreatorRewardsAlpha22Test" tests="4" skipped="0" failures="0" errors="0" timestamp="2026-09-12T03:25:35" hostname="runnervmlun5p" time="0.016">
  <properties/>
  <testcase name="progressUsesLifetimeXpButOnlyCurrentWeekMomentum" classname="com.framebynavin.app.data.CreatorRewardsAlpha22Test" time="0.013"/>
  <testcase name="achievementsUnlockOnlyFromObservedRewardEvents" classname="com.framebynavin.app.data.CreatorRewardsAlpha22Test" time="0.001"/>
  <testcase name="verifiedBackfillCreditsRealHistoryWithoutInventingStageCompletions" classname="com.framebynavin.app.data.CreatorRewardsAlpha22Test" time="0.001"/>
  <testcase name="traitsComeFromLedgerMixRatherThanProfileLabels" classname="com.framebynavin.app.data.CreatorRewardsAlpha22Test" time="0.001"/>
  <system-out><![CDATA[]]></system-out>
  <system-err><![CDATA[]]></system-err>
</testsuite>
