<?xml version="1.0" encoding="UTF-8"?>
<testsuite name="com.framebynavin.app.data.CreatorPlaybookTest" tests="4" skipped="0" failures="0" errors="0" timestamp="2026-09-11T17:46:07" hostname="runnervmlun5p" time="0.007">
  <properties/>
  <testcase name="one successful outcome stays learning and cannot move ranking" classname="com.framebynavin.app.data.CreatorPlaybookTest" time="0.005"/>
  <testcase name="repeated positive outcomes create a conservative proven pattern" classname="com.framebynavin.app.data.CreatorPlaybookTest" time="0.001"/>
  <testcase name="proven playbook adds transparent evidence without changing horizon" classname="com.framebynavin.app.data.CreatorPlaybookTest" time="0.001"/>
  <testcase name="negative history needs three evaluated outcomes before caution" classname="com.framebynavin.app.data.CreatorPlaybookTest" time="0.0"/>
  <system-out><![CDATA[]]></system-out>
  <system-err><![CDATA[]]></system-err>
</testsuite>
