<?xml version="1.0" encoding="UTF-8"?>
<testsuite name="com.framebynavin.app.data.CreatorContentProjectAlpha6Test" tests="4" skipped="0" failures="0" errors="0" timestamp="2026-09-12T03:25:34" hostname="runnervmlun5p" time="0.008">
  <properties/>
  <testcase name="legacyScriptBecomesStructuredWithoutLosingReadableSummary" classname="com.framebynavin.app.data.CreatorContentProjectAlpha6Test" time="0.006"/>
  <testcase name="normalizedStudioKeepsOneSelectionAndCleansStructuredFields" classname="com.framebynavin.app.data.CreatorContentProjectAlpha6Test" time="0.001"/>
  <testcase name="embeddedStructuredScriptMakesWorkspaceNonEmptyAndPortable" classname="com.framebynavin.app.data.CreatorContentProjectAlpha6Test" time="0.0"/>
  <testcase name="embeddedCopyWinsOverLegacySummaryOnFutureEdits" classname="com.framebynavin.app.data.CreatorContentProjectAlpha6Test" time="0.0"/>
  <system-out><![CDATA[]]></system-out>
  <system-err><![CDATA[]]></system-err>
</testsuite>
