<?xml version="1.0" encoding="UTF-8"?>
<testsuite name="com.framebynavin.app.data.CreatorScriptStudioTest" tests="4" skipped="0" failures="0" errors="0" timestamp="2026-09-12T03:25:35" hostname="runnervmlun5p" time="0.001">
  <properties/>
  <testcase name="selectedIdeasAreIndependentFromAlternatives" classname="com.framebynavin.app.data.CreatorScriptStudioTest" time="0.0"/>
  <testcase name="beatReadinessDrivesScriptProgressWithoutPublishingAnything" classname="com.framebynavin.app.data.CreatorScriptStudioTest" time="0.0"/>
  <testcase name="compiledNarrationKeepsBeatOrderAndCountsWords" classname="com.framebynavin.app.data.CreatorScriptStudioTest" time="0.0"/>
  <testcase name="legacyHookAndScriptImportWithoutLosingReadableContent" classname="com.framebynavin.app.data.CreatorScriptStudioTest" time="0.0"/>
  <system-out><![CDATA[]]></system-out>
  <system-err><![CDATA[]]></system-err>
</testsuite>
