<?xml version="1.0" encoding="UTF-8"?>
<testsuite name="com.framebynavin.app.data.CreatorQuickCaptureEngineTest" tests="3" skipped="0" failures="0" errors="0" timestamp="2026-09-15T08:21:29" hostname="runnervmlun5p" time="0.0">
  <properties/>
  <testcase name="savedCaptureAlwaysStartsInInbox" classname="com.framebynavin.app.data.CreatorQuickCaptureEngineTest" time="0.0"/>
  <testcase name="reviewIdeaIsClassifiedAsReviewRecommendation" classname="com.framebynavin.app.data.CreatorQuickCaptureEngineTest" time="0.0"/>
  <testcase name="cinematicMomentIdeaUsesCompilationFormat" classname="com.framebynavin.app.data.CreatorQuickCaptureEngineTest" time="0.0"/>
  <system-out><![CDATA[]]></system-out>
  <system-err><![CDATA[]]></system-err>
</testsuite>
