<?xml version="1.0" encoding="UTF-8"?>
<testsuite name="com.framebynavin.app.data.CreatorContentStabilizationTest" tests="5" skipped="0" failures="0" errors="0" timestamp="2026-09-12T03:25:34" hostname="runnervmlun5p" time="0.002">
  <properties/>
  <testcase name="newPlanDeliverableAlwaysStartsUnpublished" classname="com.framebynavin.app.data.CreatorContentStabilizationTest" time="0.001"/>
  <testcase name="parentPublicationIsDerivedFromEarliestLiveRootOutput" classname="com.framebynavin.app.data.CreatorContentStabilizationTest" time="0.001"/>
  <testcase name="cyclicDerivativeLinksAreCleared" classname="com.framebynavin.app.data.CreatorContentStabilizationTest" time="0.0"/>
  <testcase name="planEditorCannotPublishOrOverwriteStructuredScript" classname="com.framebynavin.app.data.CreatorContentStabilizationTest" time="0.0"/>
  <testcase name="removingParentRemovesWholeDerivativeSubtree" classname="com.framebynavin.app.data.CreatorContentStabilizationTest" time="0.0"/>
  <system-out><![CDATA[]]></system-out>
  <system-err><![CDATA[]]></system-err>
</testsuite>
