<?xml version="1.0" encoding="UTF-8"?>
<testsuite name="com.framebynavin.app.data.CreatorContextV15Test" tests="3" skipped="0" failures="0" errors="0" timestamp="2026-09-11T17:46:07" hostname="runnervmlun5p" time="0.019">
  <properties/>
  <testcase name="contextNudgeFlagsLowProgressProjectDueSoon" classname="com.framebynavin.app.data.CreatorContextV15Test" time="0.009"/>
  <testcase name="contentCalendarCombinesProjectsAndFutureWeeklySlots" classname="com.framebynavin.app.data.CreatorContextV15Test" time="0.003"/>
  <testcase name="dailyBriefUsesSmartPriorityForFocus" classname="com.framebynavin.app.data.CreatorContextV15Test" time="0.005"/>
  <system-out><![CDATA[]]></system-out>
  <system-err><![CDATA[]]></system-err>
</testsuite>
