<?xml version="1.0" encoding="UTF-8"?>
<testsuite name="com.framebynavin.app.reminders.ReminderSafetyV182Test" tests="5" skipped="0" failures="0" errors="0" timestamp="2026-09-11T17:46:08" hostname="runnervmlun5p" time="0.003">
  <properties/>
  <testcase name="occurrenceFingerprintRejectsChangedStageTimeModeAndProject" classname="com.framebynavin.app.reminders.ReminderSafetyV182Test" time="0.001"/>
  <testcase name="doneAcknowledgesOnlyReminder" classname="com.framebynavin.app.reminders.ReminderSafetyV182Test" time="0.0"/>
  <testcase name="finalStageReminderCannotCompleteProject" classname="com.framebynavin.app.reminders.ReminderSafetyV182Test" time="0.0"/>
  <testcase name="disabledAndCompletedProjectsRemainUnchanged" classname="com.framebynavin.app.reminders.ReminderSafetyV182Test" time="0.0"/>
  <testcase name="managedAcknowledgementNeverAdvancesStageAndRc3PulseCanResumeCheckIn" classname="com.framebynavin.app.reminders.ReminderSafetyV182Test" time="0.002"/>
  <system-out><![CDATA[]]></system-out>
  <system-err><![CDATA[]]></system-err>
</testsuite>
