<?xml version="1.0" encoding="UTF-8"?>
<testsuite name="com.framebynavin.app.data.ProductionStyleRegistryTest" tests="5" skipped="0" failures="0" errors="0" timestamp="2026-09-12T03:25:35" hostname="runnervmlun5p" time="0.004">
  <properties/>
  <testcase name="everyCreatorModeProductionSuggestionResolves" classname="com.framebynavin.app.data.ProductionStyleRegistryTest" time="0.004"/>
  <testcase name="gamingSuggestionsLeadButDoNotHideOtherStyles" classname="com.framebynavin.app.data.ProductionStyleRegistryTest" time="0.0"/>
  <testcase name="legacyAliasesCanonicalizeWithoutChangingMeaning" classname="com.framebynavin.app.data.ProductionStyleRegistryTest" time="0.0"/>
  <testcase name="profileNormalizationCanonicalizesProductionStyles" classname="com.framebynavin.app.data.ProductionStyleRegistryTest" time="0.0"/>
  <testcase name="unknownLegacyStyleIsPreserved" classname="com.framebynavin.app.data.ProductionStyleRegistryTest" time="0.0"/>
  <system-out><![CDATA[]]></system-out>
  <system-err><![CDATA[]]></system-err>
</testsuite>
