<?xml version="1.0" encoding="UTF-8"?>
<testsuite name="com.framebynavin.app.data.CreatorPublishWorkflowTest" tests="5" skipped="0" failures="0" errors="0" timestamp="2026-09-15T08:21:29" hostname="runnervmlun5p" time="0.005">
  <properties/>
  <testcase name="variantsRemainAlternativesUntilExplicitlyChosenAsFinalMetadata" classname="com.framebynavin.app.data.CreatorPublishWorkflowTest" time="0.0"/>
  <testcase name="resolvedGatePublishesOnlyThatDeliverableAndCreatesSnapshot" classname="com.framebynavin.app.data.CreatorPublishWorkflowTest" time="0.004"/>
  <testcase name="derivativeKeepsParentRelationshipButStartsUnpublished" classname="com.framebynavin.app.data.CreatorPublishWorkflowTest" time="0.0"/>
  <testcase name="legacyDeliverableGetsGateAndCannotPublishUntilResolved" classname="com.framebynavin.app.data.CreatorPublishWorkflowTest" time="0.0"/>
  <testcase name="publicationUpdateAndReopenAppendHistoryWithoutDeletingPastRecord" classname="com.framebynavin.app.data.CreatorPublishWorkflowTest" time="0.001"/>
  <system-out><![CDATA[]]></system-out>
  <system-err><![CDATA[]]></system-err>
</testsuite>
