<?xml version="1.0" encoding="UTF-8"?>
<testsuite name="com.framebynavin.app.data.CreatorAutomationTest" tests="5" skipped="0" failures="0" errors="0" timestamp="2026-09-15T08:21:28" hostname="runnervmlun5p" time="0.081">
  <properties/>
  <testcase name="weeklyAndIdeaReviewsRespectISTDays" classname="com.framebynavin.app.data.CreatorAutomationTest" time="0.011"/>
  <testcase name="dailyBriefRoutineOnlyFiresOnceInMorningWindow" classname="com.framebynavin.app.data.CreatorAutomationTest" time="0.002"/>
  <testcase name="autoPlanCreatesUpcomingOccurrencesAcrossFourteenDays" classname="com.framebynavin.app.data.CreatorAutomationTest" time="0.066"/>
  <testcase name="deletedWeeklyTombstonePreventsRecreation" classname="com.framebynavin.app.data.CreatorAutomationTest" time="0.001"/>
  <testcase name="autoPlanPreservesManualProjectsAndDoesNotDuplicateExistingOccurrence" classname="com.framebynavin.app.data.CreatorAutomationTest" time="0.0"/>
  <system-out><![CDATA[]]></system-out>
  <system-err><![CDATA[]]></system-err>
</testsuite>
