<?xml version="1.0" encoding="UTF-8"?>
<testsuite name="com.framebynavin.app.youtube.YouTubeOpportunityEngineV173Test" tests="2" skipped="0" failures="0" errors="0" timestamp="2026-09-15T08:21:29" hostname="runnervmlun5p" time="0.001">
  <properties/>
  <testcase name="noPulseProducesNoOpportunityAlerts" classname="com.framebynavin.app.youtube.YouTubeOpportunityEngineV173Test" time="0.0"/>
  <testcase name="risingPulseSurfacesMomentumAndMatchingIdea" classname="com.framebynavin.app.youtube.YouTubeOpportunityEngineV173Test" time="0.001"/>
  <system-out><![CDATA[]]></system-out>
  <system-err><![CDATA[]]></system-err>
</testsuite>
