<?xml version="1.0" encoding="UTF-8"?>
<testsuite name="com.framebynavin.app.data.CreatorProfileV2Test" tests="3" skipped="0" failures="0" errors="0" timestamp="2026-09-11T17:46:07" hostname="runnervmlun5p" time="0.002">
  <properties/>
  <testcase name="legacyCategoryRemainsAValidPrimaryModeWithoutForcingV2Setup" classname="com.framebynavin.app.data.CreatorProfileV2Test" time="0.001"/>
  <testcase name="v2ProfileSupportsSecondaryModesStylesAndThreeGoals" classname="com.framebynavin.app.data.CreatorProfileV2Test" time="0.0"/>
  <testcase name="normalizationPreventsPrimaryDuplicatesAndCapsPreferences" classname="com.framebynavin.app.data.CreatorProfileV2Test" time="0.001"/>
  <system-out><![CDATA[]]></system-out>
  <system-err><![CDATA[]]></system-err>
</testsuite>
