<?xml version="1.0" encoding="UTF-8"?>
<testsuite name="com.framebynavin.app.reminders.SmartEscalationPolicyTest" tests="13" skipped="0" failures="0" errors="0" timestamp="2026-09-11T17:46:08" hostname="runnervmlun5p" time="0.004">
  <properties/>
  <testcase name="screenshotCase_importantFiveFive_isValidAtExactTenMinutes_andInvalidOneSecondLater" classname="com.framebynavin.app.reminders.SmartEscalationPolicyTest" time="0.001"/>
  <testcase name="screenshotCase_criticalFiveFiveFive_isInvalidWithOnlyTenMinutesToReminder" classname="com.framebynavin.app.reminders.SmartEscalationPolicyTest" time="0.0"/>
  <testcase name="defaultWindows_matchLockedProductRules" classname="com.framebynavin.app.reminders.SmartEscalationPolicyTest" time="0.0"/>
  <testcase name="normalSmart_hasNoEscalationAfterSoftNotification" classname="com.framebynavin.app.reminders.SmartEscalationPolicyTest" time="0.0"/>
  <testcase name="customCriticalWindow_isSumOfEditableWaits" classname="com.framebynavin.app.reminders.SmartEscalationPolicyTest" time="0.0"/>
  <testcase name="firstStage_isScheduledBackwardSoFinalStageLandsOnReminderTarget" classname="com.framebynavin.app.reminders.SmartEscalationPolicyTest" time="0.0"/>
  <testcase name="gaps_areClampedToSupportedFiveToThirtyMinuteRange" classname="com.framebynavin.app.reminders.SmartEscalationPolicyTest" time="0.0"/>
  <testcase name="criticalSequence_isSoftVoiceAlarmCriticalThenStop" classname="com.framebynavin.app.reminders.SmartEscalationPolicyTest" time="0.0"/>
  <testcase name="recovery_preservesAlreadyRebuiltFutureStageTime" classname="com.framebynavin.app.reminders.SmartEscalationPolicyTest" time="0.001"/>
  <testcase name="availableWindow_neverBecomesNegative" classname="com.framebynavin.app.reminders.SmartEscalationPolicyTest" time="0.0"/>
  <testcase name="importantSequence_isSoftVoiceAlarmThenStop" classname="com.framebynavin.app.reminders.SmartEscalationPolicyTest" time="0.0"/>
  <testcase name="recovery_usesFallbackOnlyWhenPlanAndPriorPendingAreBothPast" classname="com.framebynavin.app.reminders.SmartEscalationPolicyTest" time="0.0"/>
  <testcase name="availableWindow_isNowToFinalReminderTarget_notReminderToPublish" classname="com.framebynavin.app.reminders.SmartEscalationPolicyTest" time="0.0"/>
  <system-out><![CDATA[]]></system-out>
  <system-err><![CDATA[]]></system-err>
</testsuite>
