<?xml version="1.0" encoding="UTF-8"?>
<testsuite name="com.framebynavin.app.data.ProjectPulseAlpha19Test" tests="5" skipped="0" failures="0" errors="0" timestamp="2026-09-12T03:25:35" hostname="runnervmlun5p" time="0.0">
  <properties/>
  <testcase name="stepDone_advancesWorkflowInsteadOfCompletingWholeProject" classname="com.framebynavin.app.data.ProjectPulseAlpha19Test" time="0.0"/>
  <testcase name="offPlan_disablesAutomaticAttention" classname="com.framebynavin.app.data.ProjectPulseAlpha19Test" time="0.0"/>
  <testcase name="urgentPlan_usesSmartWhenThereIsEnoughRunway" classname="com.framebynavin.app.data.ProjectPulseAlpha19Test" time="0.0"/>
  <testcase name="guidedPlan_createsStageCheckpointBeforePublish" classname="com.framebynavin.app.data.ProjectPulseAlpha19Test" time="0.0"/>
  <testcase name="customPlan_preservesManualReminderContract" classname="com.framebynavin.app.data.ProjectPulseAlpha19Test" time="0.0"/>
  <system-out><![CDATA[]]></system-out>
  <system-err><![CDATA[]]></system-err>
</testsuite>
