<?xml version="1.0" encoding="UTF-8"?>
<testsuite name="com.framebynavin.app.data.V18UxIdentityAlpha15Test" tests="2" skipped="0" failures="0" errors="0" timestamp="2026-09-12T03:25:35" hostname="runnervmlun5p" time="0.001">
  <properties/>
  <testcase name="legacySeedIdsAreRecognizedWithoutMatchingUserSlots" classname="com.framebynavin.app.data.V18UxIdentityAlpha15Test" time="0.0"/>
  <testcase name="freshWeeklyScheduleHasNoFrameByNavinSeedData" classname="com.framebynavin.app.data.V18UxIdentityAlpha15Test" time="0.0"/>
  <system-out><![CDATA[]]></system-out>
  <system-err><![CDATA[]]></system-err>
</testsuite>
