<?xml version="1.0" encoding="UTF-8"?>
<testsuite name="com.framebynavin.app.data.CreatorContentDnaProjectIntegrationV96Test" tests="4" skipped="0" failures="0" errors="0" timestamp="2026-09-12T03:25:34" hostname="runnervmlun5p" time="0.004">
  <properties/>
  <testcase name="partialExplicitDnaUsesSafeFallbackDimensionByDimension" classname="com.framebynavin.app.data.CreatorContentDnaProjectIntegrationV96Test" time="0.001"/>
  <testcase name="invalidDeliveryFormatCannotPollutePlatformCompatibility" classname="com.framebynavin.app.data.CreatorContentDnaProjectIntegrationV96Test" time="0.0"/>
  <testcase name="explicitProjectDnaOverridesLegacyMeaning" classname="com.framebynavin.app.data.CreatorContentDnaProjectIntegrationV96Test" time="0.0"/>
  <testcase name="legacyProjectStillResolvesWithoutBeingPersistentlyMigrated" classname="com.framebynavin.app.data.CreatorContentDnaProjectIntegrationV96Test" time="0.0"/>
  <system-out><![CDATA[]]></system-out>
  <system-err><![CDATA[]]></system-err>
</testsuite>
