<?xml version="1.0" encoding="UTF-8"?>
<testsuite name="com.framebynavin.app.data.CreatorReviewEngineTest" tests="3" skipped="0" failures="0" errors="0" timestamp="2026-09-12T03:25:35" hostname="runnervmlun5p" time="0.007">
  <properties/>
  <testcase name="countsOnlyTimestampedRecentCompletions" classname="com.framebynavin.app.data.CreatorReviewEngineTest" time="0.006"/>
  <testcase name="identifiesBottleneckAndIdeaConversion" classname="com.framebynavin.app.data.CreatorReviewEngineTest" time="0.0"/>
  <testcase name="emptyWorkHasNoBottleneck" classname="com.framebynavin.app.data.CreatorReviewEngineTest" time="0.0"/>
  <system-out><![CDATA[]]></system-out>
  <system-err><![CDATA[]]></system-err>
</testsuite>
