<?xml version="1.0" encoding="UTF-8"?>
<testsuite name="com.framebynavin.app.cloud.DriveVaultTokenMemoryTest" tests="3" skipped="0" failures="0" errors="0" timestamp="2026-09-15T08:21:28" hostname="runnervmlun5p" time="0.002">
  <properties/>
  <testcase name="token is available only to the account that authorized Drive" classname="com.framebynavin.app.cloud.DriveVaultTokenMemoryTest" time="0.002"/>
  <testcase name="new account authorization replaces previous account token" classname="com.framebynavin.app.cloud.DriveVaultTokenMemoryTest" time="0.0"/>
  <testcase name="clear removes process Drive authorization" classname="com.framebynavin.app.cloud.DriveVaultTokenMemoryTest" time="0.0"/>
  <system-out><![CDATA[]]></system-out>
  <system-err><![CDATA[]]></system-err>
</testsuite>
