<?xml version="1.0" encoding="UTF-8"?>
<testsuite name="com.framebynavin.app.youtube.YouTubePublishCheckpointPolicyV2Test" tests="3" skipped="0" failures="0" errors="0" timestamp="2026-09-12T03:25:35" hostname="runnervmlun5p" time="0.001">
  <properties/>
  <testcase name="lateCaptureIsExplicitRatherThanPretendingExactCheckpoint" classname="com.framebynavin.app.youtube.YouTubePublishCheckpointPolicyV2Test" time="0.001"/>
  <testcase name="checkpointTargetsMatchLockedPublishingIntelligencePlan" classname="com.framebynavin.app.youtube.YouTubePublishCheckpointPolicyV2Test" time="0.0"/>
  <testcase name="dueTargetsNeverRewriteCapturedObservations" classname="com.framebynavin.app.youtube.YouTubePublishCheckpointPolicyV2Test" time="0.0"/>
  <system-out><![CDATA[]]></system-out>
  <system-err><![CDATA[]]></system-err>
</testsuite>
