<?xml version="1.0" encoding="UTF-8"?>
<testsuite name="com.framebynavin.app.ui.NewProjectParityContractTest" tests="3" skipped="0" failures="0" errors="0" timestamp="2026-09-15T08:21:29" hostname="runnervmlun5p" time="0.003">
  <properties/>
  <testcase name="reminderStyleKeepsEveryDeliveryChoice" classname="com.framebynavin.app.ui.NewProjectParityContractTest" time="0.002"/>
  <testcase name="onlyCustomRequiresAValidManualReminderTime" classname="com.framebynavin.app.ui.NewProjectParityContractTest" time="0.001"/>
  <testcase name="projectSupportKeepsAllFivePlans" classname="com.framebynavin.app.ui.NewProjectParityContractTest" time="0.0"/>
  <system-out><![CDATA[]]></system-out>
  <system-err><![CDATA[]]></system-err>
</testsuite>
