<?xml version="1.0" encoding="UTF-8"?>
<testsuite name="com.framebynavin.app.reminders.ReminderActionSafetyRc3Test" tests="5" skipped="0" failures="0" errors="0" timestamp="2026-09-11T17:46:08" hostname="runnervmlun5p" time="0.004">
  <properties/>
  <testcase name="publicationStageCannotBeBypassedByStageDone" classname="com.framebynavin.app.reminders.ReminderActionSafetyRc3Test" time="0.001"/>
  <testcase name="workingDoesNotInventProgress" classname="com.framebynavin.app.reminders.ReminderActionSafetyRc3Test" time="0.001"/>
  <testcase name="stageAwareDismissStaysOnCurrentStage" classname="com.framebynavin.app.reminders.ReminderActionSafetyRc3Test" time="0.0"/>
  <testcase name="legacyAcknowledgeNeverAdvancesWorkflowOrCompletesProject" classname="com.framebynavin.app.reminders.ReminderActionSafetyRc3Test" time="0.0"/>
  <testcase name="stageDoneAdvancesOnlyStageAwareCheckIn" classname="com.framebynavin.app.reminders.ReminderActionSafetyRc3Test" time="0.001"/>
  <system-out><![CDATA[]]></system-out>
  <system-err><![CDATA[]]></system-err>
</testsuite>
