<?xml version="1.0" encoding="UTF-8"?>
<testsuite name="com.framebynavin.app.youtube.YouTubeCreatorGeneralizationAlpha8Test" tests="4" skipped="0" failures="0" errors="0" timestamp="2026-09-12T03:25:35" hostname="runnervmlun5p" time="0.017">
  <properties/>
  <testcase name="genericVideoCanInferCreatorNeutralFormatFromTitle" classname="com.framebynavin.app.youtube.YouTubeCreatorGeneralizationAlpha8Test" time="0.001"/>
  <testcase name="opportunityMatchingSupportsUnicodeCreatorTopics" classname="com.framebynavin.app.youtube.YouTubeCreatorGeneralizationAlpha8Test" time="0.016"/>
  <testcase name="creatorDefinedFormatWinsWithoutNicheRules" classname="com.framebynavin.app.youtube.YouTubeCreatorGeneralizationAlpha8Test" time="0.0"/>
  <testcase name="longAndShortProjectTypesNormalizeConsistently" classname="com.framebynavin.app.youtube.YouTubeCreatorGeneralizationAlpha8Test" time="0.0"/>
  <system-out><![CDATA[]]></system-out>
  <system-err><![CDATA[]]></system-err>
</testsuite>
